<?xml version="1.0" encoding="UTF-8"?>
<!-- Generated by org.testng.reporters.JUnitReportReporter -->
<testsuite hostname="md1zttdc" failures="0" tests="4" name="com.RestAssured.LibraryAPI" time="4.951" errors="0" timestamp="2021-09-07T23:59:38 IST" skipped="0">
  <testcase classname="com.RestAssured.LibraryAPI" name="TestLibraryAPI" time="0.144"/>
  <system-out/>
  <testcase classname="com.RestAssured.LibraryAPI" name="TestLibraryAPI" time="0.208"/>
  <system-out/>
  <testcase classname="com.RestAssured.LibraryAPI" name="TestLibraryAPI" time="4.449"/>
  <system-out/>
  <testcase classname="com.RestAssured.LibraryAPI" name="TestLibraryAPI" time="0.150"/>
  <system-out/>
</testsuite> <!-- com.RestAssured.LibraryAPI -->
