<?xml version="1.0" encoding="UTF-8"?>
<!-- Generated by org.testng.reporters.JUnitReportReporter -->
<testsuite hostname="md1zttdc" failures="0" tests="1" name="com.Serialization.SpecBuilder" time="4.170" errors="0" timestamp="2021-09-16T00:28:10 IST" skipped="0">
  <testcase classname="com.Serialization.SpecBuilder" name="TestAddAPI" time="4.170"/>
  <system-out/>
</testsuite> <!-- com.Serialization.SpecBuilder -->
