<?xml version="1.0" encoding="UTF-8"?>
<!-- Generated by org.testng.reporters.JUnitReportReporter -->
<testsuite skipped="0" hostname="BOND-PC" name="com.OAuth2.RahulShettyAcademy" tests="1" failures="0" timestamp="2021-09-14T01:23:51 IST" time="2.369" errors="0">
  <testcase name="GetCourses" time="2.369" classname="com.OAuth2.RahulShettyAcademy"/>
  <system-out/>
</testsuite> <!-- com.OAuth2.RahulShettyAcademy -->
