<?xml version="1.0" encoding="UTF-8"?>
<!-- Generated by org.testng.reporters.JUnitReportReporter -->
<testsuite skipped="0" hostname="BOND-PC" name="com.JIRA.JIRATest" tests="1" failures="0" timestamp="2021-09-11T16:12:10 IST" time="2.126" errors="0">
  <testcase name="CommentTest" time="2.126" classname="com.JIRA.JIRATest"/>
  <system-out/>
</testsuite> <!-- com.JIRA.JIRATest -->
