<?xml version="1.0" encoding="UTF-8"?>
<!-- Generated by org.testng.reporters.JUnitReportReporter -->
<testsuite hostname="md1zttdc" failures="0" tests="1" name="com.Serialization.CreateObject" time="2.983" errors="0" timestamp="2021-09-15T23:47:20 IST" skipped="0">
  <testcase classname="com.Serialization.CreateObject" name="TestAddAPI" time="2.983"/>
  <system-out/>
</testsuite> <!-- com.Serialization.CreateObject -->
