<?xml version="1.0" encoding="UTF-8"?>
<!-- Generated by org.testng.reporters.JUnitReportReporter -->
<testsuite skipped="0" hostname="BOND-PC" name="com.JIRA.AddAttachment" tests="1" failures="0" timestamp="2021-09-11T17:06:36 IST" time="3.107" errors="0">
  <testcase name="AttachImage" time="3.107" classname="com.JIRA.AddAttachment"/>
  <system-out/>
</testsuite> <!-- com.JIRA.AddAttachment -->
