<?xml version="1.0" encoding="UTF-8"?>
<!-- Generated by org.testng.reporters.JUnitReportReporter -->
<testsuite hostname="md1zttdc" failures="0" tests="1" name="com.RestAssured.Basics" time="8.968" errors="0" timestamp="2021-08-31T15:13:54 IST" skipped="0">
  <testcase classname="com.RestAssured.Basics" name="addPlace" time="8.968"/>
  <system-out/>
</testsuite> <!-- com.RestAssured.Basics -->
