<?xml version="1.0" encoding="UTF-8"?>
<!-- Generated by org.testng.reporters.JUnitReportReporter -->
<testsuite skipped="0" hostname="BOND-PC" name="com.JIRA.GetIssueDetails" tests="1" failures="0" timestamp="2021-09-11T17:27:21 IST" time="2.184" errors="0">
  <testcase name="getIssueDetails" time="2.184" classname="com.JIRA.GetIssueDetails"/>
  <system-out/>
</testsuite> <!-- com.JIRA.GetIssueDetails -->
