<?xml version="1.0" encoding="UTF-8"?>
<!-- Generated by org.testng.reporters.JUnitReportReporter -->
<testsuite hostname="md1zttdc" failures="0" tests="1" name="com.OAuth2.RahulShettyAcademy" time="3.801" errors="0" timestamp="2021-09-14T22:19:07 IST" skipped="0">
  <testcase classname="com.OAuth2.RahulShettyAcademy" name="GetCourses" time="3.801"/>
  <system-out/>
</testsuite> <!-- com.OAuth2.RahulShettyAcademy -->
