<?xml version="1.0" encoding="UTF-8"?>
<!-- Generated by org.testng.reporters.JUnitReportReporter -->
<testsuite skipped="0" hostname="BOND-PC" name="com.JIRA.GetIssueDetails" tests="1" failures="0" timestamp="2021-09-11T23:47:50 IST" time="2.556" errors="0">
  <testcase name="verifyComment" time="2.556" classname="com.JIRA.GetIssueDetails"/>
  <system-out/>
</testsuite> <!-- com.JIRA.GetIssueDetails -->
